<?xml version="1.0" encoding="UTF-8"?>
<!-- Generated by org.testng.reporters.JUnitReportReporter -->
<testsuite hostname="Tonnies-MBP" failures="0" tests="1" name="TestRunner" time="56.362" errors="0" timestamp="2022-11-17T21:53:14 EST" skipped="0">
  <testcase classname="TestRunner" name="runScenario" time="56.362"/>
  <system-out/>
</testsuite> <!-- TestRunner -->
